<?xml version="1.0" encoding="UTF-8"?>
<!-- Generated by org.testng.reporters.JUnitReportReporter -->
<testsuite hostname="Admin-PC" name="Scenario_Component.Scenario_Onprep_Register" tests="1" failures="0" timestamp="14 Apr 2016 08:37:35 GMT" time="13.643" errors="0">
  <testcase name="testRegister" time="13.643" classname="Scenario_Component.Scenario_Onprep_Register"/>
</testsuite> <!-- Scenario_Component.Scenario_Onprep_Register -->
