<?xml version="1.0" encoding="UTF-8"?>
<!-- Generated by org.testng.reporters.JUnitReportReporter -->
<testsuite hostname="Admin-PC" name="com.mobile.testing.SafetyWorldTracker" tests="1" failures="0" timestamp="14 Jun 2016 13:22:56 GMT" time="584.511" errors="0">
  <testcase name="testMail" time="584.511" classname="com.mobile.testing.SafetyWorldTracker"/>
</testsuite> <!-- com.mobile.testing.SafetyWorldTracker -->
