<?xml version="1.0" encoding="UTF-8"?>
<!-- Generated by org.testng.reporters.JUnitReportReporter -->
<testsuite hostname="Admin-PC" name="Scenario_Component.Scenario_OnPrep_TakeTest" tests="1" failures="0" timestamp="12 Apr 2016 09:23:34 GMT" time="17.618" errors="0">
  <testcase name="testTake" time="17.618" classname="Scenario_Component.Scenario_OnPrep_TakeTest"/>
</testsuite> <!-- Scenario_Component.Scenario_OnPrep_TakeTest -->
